{"C:\\Users\\lucab\\Google Drive\\UniTn\\unitn_finder\\allRole.js": {"path":"C:\\Users\\lucab\\Google Drive\\UniTn\\unitn_finder\\allRole.js","statementMap":{"0":{"start":{"line":3,"column":14},"end":{"line":3,"column":37}},"1":{"start":{"line":6,"column":12},"end":{"line":6,"column":14}},"2":{"start":{"line":7,"column":2},"end":{"line":21,"column":5}},"3":{"start":{"line":8,"column":4},"end":{"line":20,"column":5}},"4":{"start":{"line":9,"column":6},"end":{"line":16,"column":8}},"5":{"start":{"line":10,"column":8},"end":{"line":14,"column":9}},"6":{"start":{"line":11,"column":10},"end":{"line":13,"column":11}},"7":{"start":{"line":12,"column":12},"end":{"line":12,"column":49}},"8":{"start":{"line":15,"column":6},"end":{"line":15,"column":21}},"9":{"start":{"line":19,"column":6},"end":{"line":19,"column":16}},"10":{"start":{"line":24,"column":0},"end":{"line":24,"column":25}}},"fnMap":{"0":{"name":"allRole","decl":{"start":{"line":5,"column":9},"end":{"line":5,"column":16}},"loc":{"start":{"line":5,"column":18},"end":{"line":23,"column":1}},"line":5},"1":{"name":"(anonymous_1)","decl":{"start":{"line":7,"column":21},"end":{"line":7,"column":22}},"loc":{"start":{"line":7,"column":46},"end":{"line":21,"column":3}},"line":7},"2":{"name":"(anonymous_2)","decl":{"start":{"line":9,"column":26},"end":{"line":9,"column":27}},"loc":{"start":{"line":9,"column":46},"end":{"line":16,"column":6}},"line":9}},"branchMap":{},"s":{"0":1,"1":0,"2":0,"3":0,"4":0,"5":0,"6":0,"7":0,"8":0,"9":0,"10":1},"f":{"0":0,"1":0,"2":0},"b":{},"_coverageSchema":"332fd63041d2c1bcb487cc26dd0d5f7d97098a6c","hash":"c41884aab4c9ebf923e8c1503f57daa6716b3d43"}
,"C:\\Users\\lucab\\Google Drive\\UniTn\\unitn_finder\\find.js": {"path":"C:\\Users\\lucab\\Google Drive\\UniTn\\unitn_finder\\find.js","statementMap":{"0":{"start":{"line":2,"column":14},"end":{"line":2,"column":34}},"1":{"start":{"line":3,"column":18},"end":{"line":3,"column":42}},"2":{"start":{"line":5,"column":12},"end":{"line":5,"column":14}},"3":{"start":{"line":6,"column":14},"end":{"line":6,"column":16}},"4":{"start":{"line":7,"column":2},"end":{"line":7,"column":31}},"5":{"start":{"line":7,"column":12},"end":{"line":7,"column":31}},"6":{"start":{"line":8,"column":2},"end":{"line":8,"column":39}},"7":{"start":{"line":8,"column":15},"end":{"line":8,"column":39}},"8":{"start":{"line":9,"column":2},"end":{"line":9,"column":82}},"9":{"start":{"line":9,"column":13},"end":{"line":9,"column":82}},"10":{"start":{"line":10,"column":2},"end":{"line":10,"column":54}},"11":{"start":{"line":10,"column":20},"end":{"line":10,"column":54}},"12":{"start":{"line":11,"column":2},"end":{"line":11,"column":41}},"13":{"start":{"line":11,"column":17},"end":{"line":11,"column":41}},"14":{"start":{"line":13,"column":2},"end":{"line":25,"column":5}},"15":{"start":{"line":14,"column":4},"end":{"line":24,"column":5}},"16":{"start":{"line":15,"column":7},"end":{"line":20,"column":8}},"17":{"start":{"line":16,"column":8},"end":{"line":18,"column":8}},"18":{"start":{"line":17,"column":12},"end":{"line":17,"column":68}},"19":{"start":{"line":19,"column":7},"end":{"line":19,"column":22}},"20":{"start":{"line":23,"column":6},"end":{"line":23,"column":16}},"21":{"start":{"line":29,"column":0},"end":{"line":29,"column":21}}},"fnMap":{"0":{"name":"find","decl":{"start":{"line":4,"column":9},"end":{"line":4,"column":13}},"loc":{"start":{"line":4,"column":68},"end":{"line":27,"column":1}},"line":4},"1":{"name":"(anonymous_1)","decl":{"start":{"line":13,"column":21},"end":{"line":13,"column":22}},"loc":{"start":{"line":13,"column":46},"end":{"line":25,"column":3}},"line":13},"2":{"name":"(anonymous_2)","decl":{"start":{"line":15,"column":32},"end":{"line":15,"column":33}},"loc":{"start":{"line":15,"column":52},"end":{"line":20,"column":6}},"line":15}},"branchMap":{"0":{"loc":{"start":{"line":7,"column":2},"end":{"line":7,"column":31}},"type":"if","locations":[{"start":{"line":7,"column":2},"end":{"line":7,"column":31}},{"start":{"line":7,"column":2},"end":{"line":7,"column":31}}],"line":7},"1":{"loc":{"start":{"line":8,"column":2},"end":{"line":8,"column":39}},"type":"if","locations":[{"start":{"line":8,"column":2},"end":{"line":8,"column":39}},{"start":{"line":8,"column":2},"end":{"line":8,"column":39}}],"line":8},"2":{"loc":{"start":{"line":9,"column":2},"end":{"line":9,"column":82}},"type":"if","locations":[{"start":{"line":9,"column":2},"end":{"line":9,"column":82}},{"start":{"line":9,"column":2},"end":{"line":9,"column":82}}],"line":9},"3":{"loc":{"start":{"line":10,"column":2},"end":{"line":10,"column":54}},"type":"if","locations":[{"start":{"line":10,"column":2},"end":{"line":10,"column":54}},{"start":{"line":10,"column":2},"end":{"line":10,"column":54}}],"line":10},"4":{"loc":{"start":{"line":11,"column":2},"end":{"line":11,"column":41}},"type":"if","locations":[{"start":{"line":11,"column":2},"end":{"line":11,"column":41}},{"start":{"line":11,"column":2},"end":{"line":11,"column":41}}],"line":11}},"s":{"0":1,"1":1,"2":0,"3":0,"4":0,"5":0,"6":0,"7":0,"8":0,"9":0,"10":0,"11":0,"12":0,"13":0,"14":0,"15":0,"16":0,"17":0,"18":0,"19":0,"20":0,"21":1},"f":{"0":0,"1":0,"2":0},"b":{"0":[0,0],"1":[0,0],"2":[0,0],"3":[0,0],"4":[0,0]},"_coverageSchema":"332fd63041d2c1bcb487cc26dd0d5f7d97098a6c","hash":"1ddc1d586708f6feafc2180b8e9a04ca1a1a7536"}
,"C:\\Users\\lucab\\Google Drive\\UniTn\\unitn_finder\\index.js": {"path":"C:\\Users\\lucab\\Google Drive\\UniTn\\unitn_finder\\index.js","statementMap":{"0":{"start":{"line":3,"column":0},"end":{"line":3,"column":27}},"1":{"start":{"line":5,"column":20},"end":{"line":5,"column":43}},"2":{"start":{"line":6,"column":25},"end":{"line":6,"column":53}},"3":{"start":{"line":7,"column":15},"end":{"line":7,"column":33}},"4":{"start":{"line":9,"column":16},"end":{"line":9,"column":34}},"5":{"start":{"line":10,"column":12},"end":{"line":10,"column":21}},"6":{"start":{"line":11,"column":14},"end":{"line":11,"column":43}},"7":{"start":{"line":13,"column":0},"end":{"line":13,"column":46}},"8":{"start":{"line":14,"column":0},"end":{"line":14,"column":47}},"9":{"start":{"line":16,"column":15},"end":{"line":18,"column":2}},"10":{"start":{"line":17,"column":2},"end":{"line":17,"column":105}},"11":{"start":{"line":21,"column":15},"end":{"line":21,"column":34}},"12":{"start":{"line":22,"column":0},"end":{"line":22,"column":34}},"13":{"start":{"line":23,"column":14},"end":{"line":23,"column":37}},"14":{"start":{"line":26,"column":0},"end":{"line":26,"column":49}},"15":{"start":{"line":27,"column":11},"end":{"line":27,"column":30}},"16":{"start":{"line":28,"column":0},"end":{"line":30,"column":3}},"17":{"start":{"line":29,"column":2},"end":{"line":29,"column":64}},"18":{"start":{"line":31,"column":0},"end":{"line":33,"column":3}},"19":{"start":{"line":32,"column":2},"end":{"line":32,"column":44}},"20":{"start":{"line":36,"column":20},"end":{"line":36,"column":44}},"21":{"start":{"line":37,"column":16},"end":{"line":37,"column":36}},"22":{"start":{"line":38,"column":13},"end":{"line":38,"column":30}},"23":{"start":{"line":41,"column":0},"end":{"line":43,"column":3}},"24":{"start":{"line":42,"column":2},"end":{"line":42,"column":29}},"25":{"start":{"line":45,"column":11},"end":{"line":45,"column":39}},"26":{"start":{"line":46,"column":0},"end":{"line":106,"column":3}},"27":{"start":{"line":47,"column":2},"end":{"line":47,"column":34}},"28":{"start":{"line":48,"column":2},"end":{"line":105,"column":5}},"29":{"start":{"line":49,"column":4},"end":{"line":49,"column":36}},"30":{"start":{"line":52,"column":19},"end":{"line":54,"column":6}},"31":{"start":{"line":56,"column":4},"end":{"line":96,"column":7}},"32":{"start":{"line":58,"column":17},"end":{"line":58,"column":51}},"33":{"start":{"line":59,"column":20},"end":{"line":59,"column":57}},"34":{"start":{"line":60,"column":22},"end":{"line":60,"column":57}},"35":{"start":{"line":61,"column":18},"end":{"line":61,"column":53}},"36":{"start":{"line":62,"column":25},"end":{"line":62,"column":67}},"37":{"start":{"line":64,"column":19},"end":{"line":64,"column":21}},"38":{"start":{"line":65,"column":8},"end":{"line":71,"column":9}},"39":{"start":{"line":66,"column":18},"end":{"line":66,"column":19}},"40":{"start":{"line":67,"column":12},"end":{"line":70,"column":68}},"41":{"start":{"line":68,"column":16},"end":{"line":68,"column":68}},"42":{"start":{"line":69,"column":16},"end":{"line":69,"column":20}},"43":{"start":{"line":75,"column":6},"end":{"line":95,"column":7}},"44":{"start":{"line":76,"column":10},"end":{"line":76,"column":53}},"45":{"start":{"line":77,"column":10},"end":{"line":77,"column":45}},"46":{"start":{"line":78,"column":10},"end":{"line":78,"column":42}},"47":{"start":{"line":79,"column":10},"end":{"line":79,"column":17}},"48":{"start":{"line":82,"column":8},"end":{"line":88,"column":9}},"49":{"start":{"line":83,"column":10},"end":{"line":87,"column":13}},"50":{"start":{"line":85,"column":13},"end":{"line":85,"column":48}},"51":{"start":{"line":86,"column":13},"end":{"line":86,"column":45}},"52":{"start":{"line":89,"column":8},"end":{"line":94,"column":9}},"53":{"start":{"line":90,"column":10},"end":{"line":93,"column":15}},"54":{"start":{"line":91,"column":14},"end":{"line":91,"column":49}},"55":{"start":{"line":92,"column":14},"end":{"line":92,"column":46}},"56":{"start":{"line":99,"column":4},"end":{"line":101,"column":7}},"57":{"start":{"line":100,"column":6},"end":{"line":100,"column":25}},"58":{"start":{"line":103,"column":4},"end":{"line":103,"column":19}}},"fnMap":{"0":{"name":"(anonymous_0)","decl":{"start":{"line":16,"column":52},"end":{"line":16,"column":53}},"loc":{"start":{"line":16,"column":58},"end":{"line":18,"column":1}},"line":16},"1":{"name":"(anonymous_1)","decl":{"start":{"line":28,"column":15},"end":{"line":28,"column":16}},"loc":{"start":{"line":28,"column":22},"end":{"line":30,"column":1}},"line":28},"2":{"name":"(anonymous_2)","decl":{"start":{"line":31,"column":16},"end":{"line":31,"column":17}},"loc":{"start":{"line":31,"column":22},"end":{"line":33,"column":1}},"line":31},"3":{"name":"(anonymous_3)","decl":{"start":{"line":41,"column":13},"end":{"line":41,"column":14}},"loc":{"start":{"line":41,"column":27},"end":{"line":43,"column":1}},"line":41},"4":{"name":"(anonymous_4)","decl":{"start":{"line":46,"column":20},"end":{"line":46,"column":21}},"loc":{"start":{"line":46,"column":37},"end":{"line":106,"column":1}},"line":46},"5":{"name":"(anonymous_5)","decl":{"start":{"line":48,"column":28},"end":{"line":48,"column":29}},"loc":{"start":{"line":48,"column":38},"end":{"line":105,"column":3}},"line":48},"6":{"name":"(anonymous_6)","decl":{"start":{"line":56,"column":28},"end":{"line":56,"column":29}},"loc":{"start":{"line":56,"column":42},"end":{"line":96,"column":5}},"line":56},"7":{"name":"(anonymous_7)","decl":{"start":{"line":84,"column":16},"end":{"line":84,"column":17}},"loc":{"start":{"line":84,"column":31},"end":{"line":87,"column":11}},"line":84},"8":{"name":"(anonymous_8)","decl":{"start":{"line":90,"column":75},"end":{"line":90,"column":76}},"loc":{"start":{"line":90,"column":90},"end":{"line":93,"column":13}},"line":90},"9":{"name":"(anonymous_9)","decl":{"start":{"line":99,"column":25},"end":{"line":99,"column":26}},"loc":{"start":{"line":99,"column":36},"end":{"line":101,"column":5}},"line":99}},"branchMap":{"0":{"loc":{"start":{"line":16,"column":26},"end":{"line":16,"column":50}},"type":"binary-expr","locations":[{"start":{"line":16,"column":26},"end":{"line":16,"column":42}},{"start":{"line":16,"column":46},"end":{"line":16,"column":50}}],"line":16},"1":{"loc":{"start":{"line":65,"column":8},"end":{"line":71,"column":9}},"type":"if","locations":[{"start":{"line":65,"column":8},"end":{"line":71,"column":9}},{"start":{"line":65,"column":8},"end":{"line":71,"column":9}}],"line":65},"2":{"loc":{"start":{"line":75,"column":6},"end":{"line":95,"column":7}},"type":"if","locations":[{"start":{"line":75,"column":6},"end":{"line":95,"column":7}},{"start":{"line":75,"column":6},"end":{"line":95,"column":7}}],"line":75},"3":{"loc":{"start":{"line":75,"column":10},"end":{"line":75,"column":79}},"type":"binary-expr","locations":[{"start":{"line":75,"column":10},"end":{"line":75,"column":22}},{"start":{"line":75,"column":26},"end":{"line":75,"column":41}},{"start":{"line":75,"column":45},"end":{"line":75,"column":58}},{"start":{"line":75,"column":62},"end":{"line":75,"column":79}}],"line":75},"4":{"loc":{"start":{"line":82,"column":8},"end":{"line":88,"column":9}},"type":"if","locations":[{"start":{"line":82,"column":8},"end":{"line":88,"column":9}},{"start":{"line":82,"column":8},"end":{"line":88,"column":9}}],"line":82},"5":{"loc":{"start":{"line":89,"column":8},"end":{"line":94,"column":9}},"type":"if","locations":[{"start":{"line":89,"column":8},"end":{"line":94,"column":9}},{"start":{"line":89,"column":8},"end":{"line":94,"column":9}}],"line":89},"6":{"loc":{"start":{"line":89,"column":12},"end":{"line":89,"column":50}},"type":"binary-expr","locations":[{"start":{"line":89,"column":12},"end":{"line":89,"column":29}},{"start":{"line":89,"column":33},"end":{"line":89,"column":50}}],"line":89}},"s":{"0":1,"1":1,"2":1,"3":1,"4":1,"5":1,"6":1,"7":1,"8":1,"9":1,"10":1,"11":1,"12":1,"13":1,"14":1,"15":1,"16":1,"17":0,"18":1,"19":0,"20":1,"21":1,"22":1,"23":1,"24":0,"25":1,"26":1,"27":0,"28":0,"29":0,"30":0,"31":0,"32":0,"33":0,"34":0,"35":0,"36":0,"37":0,"38":0,"39":0,"40":0,"41":0,"42":0,"43":0,"44":0,"45":0,"46":0,"47":0,"48":0,"49":0,"50":0,"51":0,"52":0,"53":0,"54":0,"55":0,"56":0,"57":0,"58":0},"f":{"0":1,"1":0,"2":0,"3":0,"4":0,"5":0,"6":0,"7":0,"8":0,"9":0},"b":{"0":[1,1],"1":[0,0],"2":[0,0],"3":[0,0,0,0],"4":[0,0],"5":[0,0],"6":[0,0]},"_coverageSchema":"332fd63041d2c1bcb487cc26dd0d5f7d97098a6c","hash":"5d6d0b1de33dcf0cad2a646d9933127e49c9917e"}
,"C:\\Users\\lucab\\Google Drive\\UniTn\\unitn_finder\\persona.js": {"path":"C:\\Users\\lucab\\Google Drive\\UniTn\\unitn_finder\\persona.js","statementMap":{"0":{"start":{"line":1,"column":15},"end":{"line":1,"column":34}},"1":{"start":{"line":2,"column":13},"end":{"line":2,"column":28}},"2":{"start":{"line":5,"column":18},"end":{"line":8,"column":2}},"3":{"start":{"line":10,"column":20},"end":{"line":13,"column":2}},"4":{"start":{"line":15,"column":20},"end":{"line":25,"column":2}},"5":{"start":{"line":27,"column":0},"end":{"line":27,"column":58}}},"fnMap":{},"branchMap":{},"s":{"0":1,"1":1,"2":1,"3":1,"4":1,"5":1},"f":{},"b":{},"_coverageSchema":"332fd63041d2c1bcb487cc26dd0d5f7d97098a6c","hash":"44406966babd717486d64718e08b57637f9ad831"}
,"C:\\Users\\lucab\\Google Drive\\UniTn\\unitn_finder\\selectField.js": {"path":"C:\\Users\\lucab\\Google Drive\\UniTn\\unitn_finder\\selectField.js","statementMap":{"0":{"start":{"line":3,"column":13},"end":{"line":3,"column":21}},"1":{"start":{"line":4,"column":16},"end":{"line":4,"column":27}},"2":{"start":{"line":5,"column":13},"end":{"line":5,"column":21}},"3":{"start":{"line":6,"column":17},"end":{"line":6,"column":29}},"4":{"start":{"line":7,"column":21},"end":{"line":7,"column":37}},"5":{"start":{"line":8,"column":15},"end":{"line":8,"column":34}},"6":{"start":{"line":9,"column":14},"end":{"line":9,"column":35}},"7":{"start":{"line":11,"column":14},"end":{"line":11,"column":16}},"8":{"start":{"line":12,"column":2},"end":{"line":14,"column":3}},"9":{"start":{"line":13,"column":4},"end":{"line":13,"column":28}},"10":{"start":{"line":15,"column":14},"end":{"line":15,"column":16}},"11":{"start":{"line":16,"column":2},"end":{"line":18,"column":3}},"12":{"start":{"line":17,"column":4},"end":{"line":17,"column":34}},"13":{"start":{"line":20,"column":13},"end":{"line":20,"column":33}},"14":{"start":{"line":21,"column":2},"end":{"line":21,"column":31}},"15":{"start":{"line":22,"column":18},"end":{"line":22,"column":38}},"16":{"start":{"line":23,"column":2},"end":{"line":69,"column":3}},"17":{"start":{"line":24,"column":4},"end":{"line":68,"column":5}},"18":{"start":{"line":26,"column":10},"end":{"line":26,"column":75}},"19":{"start":{"line":27,"column":10},"end":{"line":27,"column":16}},"20":{"start":{"line":30,"column":8},"end":{"line":35,"column":9}},"21":{"start":{"line":31,"column":10},"end":{"line":31,"column":44}},"22":{"start":{"line":34,"column":10},"end":{"line":34,"column":171}},"23":{"start":{"line":36,"column":10},"end":{"line":36,"column":16}},"24":{"start":{"line":39,"column":10},"end":{"line":39,"column":76}},"25":{"start":{"line":40,"column":10},"end":{"line":40,"column":16}},"26":{"start":{"line":43,"column":18},"end":{"line":43,"column":20}},"27":{"start":{"line":44,"column":10},"end":{"line":44,"column":56}},"28":{"start":{"line":44,"column":33},"end":{"line":44,"column":56}},"29":{"start":{"line":45,"column":10},"end":{"line":47,"column":11}},"30":{"start":{"line":46,"column":12},"end":{"line":46,"column":42}},"31":{"start":{"line":48,"column":10},"end":{"line":48,"column":25}},"32":{"start":{"line":49,"column":10},"end":{"line":49,"column":16}},"33":{"start":{"line":51,"column":18},"end":{"line":51,"column":20}},"34":{"start":{"line":52,"column":10},"end":{"line":52,"column":58}},"35":{"start":{"line":52,"column":33},"end":{"line":52,"column":58}},"36":{"start":{"line":53,"column":10},"end":{"line":55,"column":11}},"37":{"start":{"line":54,"column":12},"end":{"line":54,"column":42}},"38":{"start":{"line":56,"column":10},"end":{"line":56,"column":25}},"39":{"start":{"line":57,"column":10},"end":{"line":57,"column":16}},"40":{"start":{"line":60,"column":8},"end":{"line":66,"column":9}},"41":{"start":{"line":61,"column":10},"end":{"line":61,"column":86}},"42":{"start":{"line":64,"column":10},"end":{"line":65,"column":153}},"43":{"start":{"line":67,"column":8},"end":{"line":67,"column":14}},"44":{"start":{"line":71,"column":2},"end":{"line":71,"column":19}},"45":{"start":{"line":75,"column":0},"end":{"line":75,"column":29}}},"fnMap":{"0":{"name":"selectField","decl":{"start":{"line":1,"column":9},"end":{"line":1,"column":20}},"loc":{"start":{"line":1,"column":30},"end":{"line":73,"column":1}},"line":1}},"branchMap":{"0":{"loc":{"start":{"line":24,"column":4},"end":{"line":68,"column":5}},"type":"switch","locations":[{"start":{"line":25,"column":6},"end":{"line":27,"column":16}},{"start":{"line":29,"column":6},"end":{"line":36,"column":16}},{"start":{"line":38,"column":6},"end":{"line":40,"column":16}},{"start":{"line":42,"column":6},"end":{"line":49,"column":16}},{"start":{"line":50,"column":6},"end":{"line":57,"column":16}},{"start":{"line":59,"column":6},"end":{"line":67,"column":14}}],"line":24},"1":{"loc":{"start":{"line":30,"column":8},"end":{"line":35,"column":9}},"type":"if","locations":[{"start":{"line":30,"column":8},"end":{"line":35,"column":9}},{"start":{"line":30,"column":8},"end":{"line":35,"column":9}}],"line":30},"2":{"loc":{"start":{"line":44,"column":10},"end":{"line":44,"column":56}},"type":"if","locations":[{"start":{"line":44,"column":10},"end":{"line":44,"column":56}},{"start":{"line":44,"column":10},"end":{"line":44,"column":56}}],"line":44},"3":{"loc":{"start":{"line":52,"column":10},"end":{"line":52,"column":58}},"type":"if","locations":[{"start":{"line":52,"column":10},"end":{"line":52,"column":58}},{"start":{"line":52,"column":10},"end":{"line":52,"column":58}}],"line":52},"4":{"loc":{"start":{"line":60,"column":8},"end":{"line":66,"column":9}},"type":"if","locations":[{"start":{"line":60,"column":8},"end":{"line":66,"column":9}},{"start":{"line":60,"column":8},"end":{"line":66,"column":9}}],"line":60}},"s":{"0":0,"1":0,"2":0,"3":0,"4":0,"5":0,"6":0,"7":0,"8":0,"9":0,"10":0,"11":0,"12":0,"13":0,"14":0,"15":0,"16":0,"17":0,"18":0,"19":0,"20":0,"21":0,"22":0,"23":0,"24":0,"25":0,"26":0,"27":0,"28":0,"29":0,"30":0,"31":0,"32":0,"33":0,"34":0,"35":0,"36":0,"37":0,"38":0,"39":0,"40":0,"41":0,"42":0,"43":0,"44":0,"45":1},"f":{"0":0},"b":{"0":[0,0,0,0,0,0],"1":[0,0],"2":[0,0],"3":[0,0],"4":[0,0]},"_coverageSchema":"332fd63041d2c1bcb487cc26dd0d5f7d97098a6c","hash":"f00016dd57d9cd6484ef61fa80d8bdd2e383bb32"}
}
