TN:
SF:C:\Users\lucab\Google Drive\UniTn\unitn_finder\allRole.js
FN:5,allRole
FN:7,(anonymous_1)
FN:9,(anonymous_2)
FNF:3
FNH:0
FNDA:0,allRole
FNDA:0,(anonymous_1)
FNDA:0,(anonymous_2)
DA:3,1
DA:6,0
DA:7,0
DA:8,0
DA:9,0
DA:10,0
DA:11,0
DA:12,0
DA:15,0
DA:19,0
DA:24,1
LF:11
LH:2
BRF:0
BRH:0
end_of_record
TN:
SF:C:\Users\lucab\Google Drive\UniTn\unitn_finder\find.js
FN:4,find
FN:13,(anonymous_1)
FN:15,(anonymous_2)
FNF:3
FNH:0
FNDA:0,find
FNDA:0,(anonymous_1)
FNDA:0,(anonymous_2)
DA:2,1
DA:3,1
DA:5,0
DA:6,0
DA:7,0
DA:8,0
DA:9,0
DA:10,0
DA:11,0
DA:13,0
DA:14,0
DA:15,0
DA:16,0
DA:17,0
DA:19,0
DA:23,0
DA:29,1
LF:17
LH:3
BRDA:7,0,0,0
BRDA:7,0,1,0
BRDA:8,1,0,0
BRDA:8,1,1,0
BRDA:9,2,0,0
BRDA:9,2,1,0
BRDA:10,3,0,0
BRDA:10,3,1,0
BRDA:11,4,0,0
BRDA:11,4,1,0
BRF:10
BRH:0
end_of_record
TN:
SF:C:\Users\lucab\Google Drive\UniTn\unitn_finder\index.js
FN:16,(anonymous_0)
FN:28,(anonymous_1)
FN:31,(anonymous_2)
FN:41,(anonymous_3)
FN:46,(anonymous_4)
FN:48,(anonymous_5)
FN:56,(anonymous_6)
FN:84,(anonymous_7)
FN:90,(anonymous_8)
FN:99,(anonymous_9)
FNF:10
FNH:1
FNDA:1,(anonymous_0)
FNDA:0,(anonymous_1)
FNDA:0,(anonymous_2)
FNDA:0,(anonymous_3)
FNDA:0,(anonymous_4)
FNDA:0,(anonymous_5)
FNDA:0,(anonymous_6)
FNDA:0,(anonymous_7)
FNDA:0,(anonymous_8)
FNDA:0,(anonymous_9)
DA:3,1
DA:5,1
DA:6,1
DA:7,1
DA:9,1
DA:10,1
DA:11,1
DA:13,1
DA:14,1
DA:16,1
DA:17,1
DA:21,1
DA:22,1
DA:23,1
DA:26,1
DA:27,1
DA:28,1
DA:29,0
DA:31,1
DA:32,0
DA:36,1
DA:37,1
DA:38,1
DA:41,1
DA:42,0
DA:45,1
DA:46,1
DA:47,0
DA:48,0
DA:49,0
DA:52,0
DA:56,0
DA:58,0
DA:59,0
DA:60,0
DA:61,0
DA:62,0
DA:64,0
DA:65,0
DA:66,0
DA:67,0
DA:68,0
DA:69,0
DA:75,0
DA:76,0
DA:77,0
DA:78,0
DA:79,0
DA:82,0
DA:83,0
DA:85,0
DA:86,0
DA:89,0
DA:90,0
DA:91,0
DA:92,0
DA:99,0
DA:100,0
DA:103,0
LF:59
LH:24
BRDA:16,0,0,1
BRDA:16,0,1,1
BRDA:65,1,0,0
BRDA:65,1,1,0
BRDA:75,2,0,0
BRDA:75,2,1,0
BRDA:75,3,0,0
BRDA:75,3,1,0
BRDA:75,3,2,0
BRDA:75,3,3,0
BRDA:82,4,0,0
BRDA:82,4,1,0
BRDA:89,5,0,0
BRDA:89,5,1,0
BRDA:89,6,0,0
BRDA:89,6,1,0
BRF:16
BRH:2
end_of_record
TN:
SF:C:\Users\lucab\Google Drive\UniTn\unitn_finder\persona.js
FNF:0
FNH:0
DA:1,1
DA:2,1
DA:5,1
DA:10,1
DA:15,1
DA:27,1
LF:6
LH:6
BRF:0
BRH:0
end_of_record
TN:
SF:C:\Users\lucab\Google Drive\UniTn\unitn_finder\selectField.js
FN:1,selectField
FNF:1
FNH:0
FNDA:0,selectField
DA:3,0
DA:4,0
DA:5,0
DA:6,0
DA:7,0
DA:8,0
DA:9,0
DA:11,0
DA:12,0
DA:13,0
DA:15,0
DA:16,0
DA:17,0
DA:20,0
DA:21,0
DA:22,0
DA:23,0
DA:24,0
DA:26,0
DA:27,0
DA:30,0
DA:31,0
DA:34,0
DA:36,0
DA:39,0
DA:40,0
DA:43,0
DA:44,0
DA:45,0
DA:46,0
DA:48,0
DA:49,0
DA:51,0
DA:52,0
DA:53,0
DA:54,0
DA:56,0
DA:57,0
DA:60,0
DA:61,0
DA:64,0
DA:67,0
DA:71,0
DA:75,1
LF:44
LH:1
BRDA:24,0,0,0
BRDA:24,0,1,0
BRDA:24,0,2,0
BRDA:24,0,3,0
BRDA:24,0,4,0
BRDA:24,0,5,0
BRDA:30,1,0,0
BRDA:30,1,1,0
BRDA:44,2,0,0
BRDA:44,2,1,0
BRDA:52,3,0,0
BRDA:52,3,1,0
BRDA:60,4,0,0
BRDA:60,4,1,0
BRF:14
BRH:0
end_of_record
